{
  "stats": {
    "suites": 2,
    "tests": 7,
    "passes": 7,
    "pending": 0,
    "failures": 0,
    "start": "2025-08-27T16:30:32.374Z",
    "end": "2025-08-27T16:30:39.104Z",
    "duration": 6730,
    "testsRegistered": 7,
    "passPercent": 100,
    "pendingPercent": 0,
    "other": 0,
    "hasOther": false,
    "skipped": 0,
    "hasSkipped": false
  },
  "results": [
    {
      "uuid": "03d31330-074d-498e-815e-c9ac9071f0dd",
      "title": "",
      "fullFile": "cypress\\e2e\\todo.cy.js",
      "file": "cypress\\e2e\\todo.cy.js",
      "beforeHooks": [],
      "afterHooks": [],
      "tests": [
        {
          "title": "Bonjour",
          "fullTitle": "Bonjour",
          "timedOut": null,
          "duration": 22,
          "state": "passed",
          "speed": "fast",
          "pass": true,
          "fail": false,
          "pending": false,
          "context": null,
          "code": "",
          "err": {},
          "uuid": "0d4bda29-3bfb-4449-bca6-c3fb88b548e1",
          "parentUUID": "03d31330-074d-498e-815e-c9ac9071f0dd",
          "isHook": false,
          "skipped": false
        }
      ],
      "suites": [
        {
          "uuid": "b58b846c-c8bc-4ed2-ac6f-6e00d7e52b61",
          "title": "exemple d’application todo",
          "fullFile": "",
          "file": "",
          "beforeHooks": [],
          "afterHooks": [],
          "tests": [
            {
              "title": "affiche deux tâches par défaut",
              "fullTitle": "exemple d’application todo affiche deux tâches par défaut",
              "timedOut": null,
              "duration": 1343,
              "state": "passed",
              "speed": "fast",
              "pass": true,
              "fail": false,
              "pending": false,
              "context": null,
              "code": "// On utilise `cy.get()` pour récupérer tous les éléments qui correspondent au sélecteur.\n// Puis, avec `should`, on vérifie qu’il y a bien deux éléments correspondants,\n// ce qui correspond aux deux tâches présentes par défaut.\ncy.get('.todo-list li').should('have.length', 2);\n// On peut aller plus loin et vérifier que les tâches par défaut\n// contiennent bien le texte attendu. On utilise `first` et `last`\n// pour cibler uniquement le premier et le dernier élément,\n// puis on vérifie avec `should` que leur texte est correct.\ncy.get('.todo-list li').first().should('have.text', 'Pay electric bill');\ncy.get('.todo-list li').last().should('have.text', 'Walk the dog');",
              "err": {},
              "uuid": "877d6251-d964-46c7-9126-7446f45bae84",
              "parentUUID": "b58b846c-c8bc-4ed2-ac6f-6e00d7e52b61",
              "isHook": false,
              "skipped": false
            },
            {
              "title": "peut ajouter une nouvelle tâche",
              "fullTitle": "exemple d’application todo peut ajouter une nouvelle tâche",
              "timedOut": null,
              "duration": 751,
              "state": "passed",
              "speed": "fast",
              "pass": true,
              "fail": false,
              "pending": false,
              "context": null,
              "code": "// On stocke le texte de la nouvelle tâche dans une variable\n// afin de pouvoir le réutiliser facilement.\nconst newItem = 'Feed the cat';\n// On sélectionne l’élément input grâce à son attribut `data-test`\n// et on utilise la commande `type` pour taper le texte de la tâche.\n// Après avoir tapé le texte, on simule aussi la touche \"Entrée\" pour soumettre.\ncy.get('[data-test=new-todo]').type(`${newItem}{enter}`);\n// On vérifie ensuite que la tâche a bien été ajoutée à la liste.\n// Comme c’est la plus récente, elle doit apparaître en dernier.\n// Avec les deux tâches par défaut, il doit donc y avoir 3 éléments au total.\n// Comme les assertions renvoient l’élément testé,\n// on peut enchaîner plusieurs vérifications dans une seule instruction.\ncy.get('.todo-list li').should('have.length', 3).last().should('have.text', newItem);",
              "err": {},
              "uuid": "e8118898-d828-473e-93b0-6e56b8248369",
              "parentUUID": "b58b846c-c8bc-4ed2-ac6f-6e00d7e52b61",
              "isHook": false,
              "skipped": false
            },
            {
              "title": "peut cocher une tâche comme terminée",
              "fullTitle": "exemple d’application todo peut cocher une tâche comme terminée",
              "timedOut": null,
              "duration": 414,
              "state": "passed",
              "speed": "fast",
              "pass": true,
              "fail": false,
              "pending": false,
              "context": null,
              "code": "// En plus de `get`, on peut utiliser `contains` pour récupérer un élément par son texte.\n// Cela renvoie ici le <label> qui contient le texte.\n// Pour cocher la case correspondante, on remonte au parent (<li>)\n// puis on cherche l’élément enfant <input type=checkbox> et on le coche avec `check()`.\ncy.contains('Pay electric bill').parent().find('input[type=checkbox]').check();\n// Une fois la case cochée, on vérifie que l’élément <li> correspondant\n// possède bien la classe CSS `completed`.\n// On repart du texte avec `contains`, on remonte avec `parents('li')`\n// et on fait l’assertion sur la classe.\ncy.contains('Pay electric bill').parents('li').should('have.class', 'completed');",
              "err": {},
              "uuid": "f90ff47e-c2b3-49cd-ae08-0e2905670988",
              "parentUUID": "b58b846c-c8bc-4ed2-ac6f-6e00d7e52b61",
              "isHook": false,
              "skipped": false
            }
          ],
          "suites": [
            {
              "uuid": "7f5575b1-4ff6-40f4-bd84-d89cbe389696",
              "title": "avec une tâche déjà cochée",
              "fullFile": "",
              "file": "",
              "beforeHooks": [],
              "afterHooks": [],
              "tests": [
                {
                  "title": "peut filtrer les tâches non terminées",
                  "fullTitle": "exemple d’application todo avec une tâche déjà cochée peut filtrer les tâches non terminées",
                  "timedOut": null,
                  "duration": 445,
                  "state": "passed",
                  "speed": "fast",
                  "pass": true,
                  "fail": false,
                  "pending": false,
                  "context": null,
                  "code": "// On clique sur le bouton \"Active\"\n// pour n’afficher que les tâches non terminées.\ncy.contains('Active').click();\n// Après le filtrage, il ne doit rester qu’une seule tâche : \"Walk the dog\".\ncy.get('.todo-list li').should('have.length', 1).first().should('have.text', 'Walk the dog');\n// Et on s’assure aussi que la tâche cochée (\"Pay electric bill\")\n// n’apparaît plus dans la liste.\ncy.contains('Pay electric bill').should('not.exist');",
                  "err": {},
                  "uuid": "96704f75-00af-4ee1-9a81-52ac629dbb00",
                  "parentUUID": "7f5575b1-4ff6-40f4-bd84-d89cbe389696",
                  "isHook": false,
                  "skipped": false
                },
                {
                  "title": "peut filtrer les tâches terminées",
                  "fullTitle": "exemple d’application todo avec une tâche déjà cochée peut filtrer les tâches terminées",
                  "timedOut": null,
                  "duration": 776,
                  "state": "passed",
                  "speed": "fast",
                  "pass": true,
                  "fail": false,
                  "pending": false,
                  "context": null,
                  "code": "// Même principe, mais avec le filtre \"Completed\"\n// pour n’afficher que les tâches terminées.\ncy.contains('Completed').click();\ncy.get('.todo-list li').should('have.length', 1).first().should('have.text', 'Pay electric bill');\n// Vérification inverse : \"Walk the dog\" ne doit pas apparaître.\ncy.contains('Walk the dog').should('not.exist');",
                  "err": {},
                  "uuid": "7dc996b7-c6d9-41cc-853d-d14dbe3bd5f3",
                  "parentUUID": "7f5575b1-4ff6-40f4-bd84-d89cbe389696",
                  "isHook": false,
                  "skipped": false
                },
                {
                  "title": "peut supprimer toutes les tâches terminées",
                  "fullTitle": "exemple d’application todo avec une tâche déjà cochée peut supprimer toutes les tâches terminées",
                  "timedOut": null,
                  "duration": 482,
                  "state": "passed",
                  "speed": "fast",
                  "pass": true,
                  "fail": false,
                  "pending": false,
                  "context": null,
                  "code": "// On clique sur le bouton \"Clear completed\".\n// La commande `contains` sert à deux choses ici :\n// - vérifier que le bouton existe (il n’apparaît que si une tâche est cochée),\n// - sélectionner ce bouton pour pouvoir cliquer dessus.\ncy.contains('Clear completed').click();\n// On vérifie ensuite qu’il ne reste plus qu’une tâche dans la liste,\n// et que \"Pay electric bill\" a bien disparu.\ncy.get('.todo-list li').should('have.length', 1).should('not.have.text', 'Pay electric bill');\n// Enfin, on vérifie que le bouton \"Clear completed\"\n// n’existe plus dans la page.\ncy.contains('Clear completed').should('not.exist');",
                  "err": {},
                  "uuid": "3349f5a8-26b1-4842-bfbd-c521af509991",
                  "parentUUID": "7f5575b1-4ff6-40f4-bd84-d89cbe389696",
                  "isHook": false,
                  "skipped": false
                }
              ],
              "suites": [],
              "passes": [
                "96704f75-00af-4ee1-9a81-52ac629dbb00",
                "7dc996b7-c6d9-41cc-853d-d14dbe3bd5f3",
                "3349f5a8-26b1-4842-bfbd-c521af509991"
              ],
              "failures": [],
              "pending": [],
              "skipped": [],
              "duration": 1703,
              "root": false,
              "rootEmpty": false,
              "_timeout": 2000
            }
          ],
          "passes": [
            "877d6251-d964-46c7-9126-7446f45bae84",
            "e8118898-d828-473e-93b0-6e56b8248369",
            "f90ff47e-c2b3-49cd-ae08-0e2905670988"
          ],
          "failures": [],
          "pending": [],
          "skipped": [],
          "duration": 2508,
          "root": false,
          "rootEmpty": false,
          "_timeout": 2000
        }
      ],
      "passes": [
        "0d4bda29-3bfb-4449-bca6-c3fb88b548e1"
      ],
      "failures": [],
      "pending": [],
      "skipped": [],
      "duration": 22,
      "root": true,
      "rootEmpty": false,
      "_timeout": 2000
    }
  ],
  "meta": {
    "mocha": {
      "version": "7.2.0"
    },
    "mochawesome": {
      "options": {
        "quiet": false,
        "reportFilename": "current-report",
        "saveHtml": false,
        "saveJson": true,
        "consoleReporter": "spec",
        "useInlineDiffs": false,
        "code": true
      },
      "version": "7.1.3"
    },
    "marge": {
      "options": {
        "reportDir": "cypress/reports",
        "overwrite": true,
        "html": false,
        "json": true,
        "embeddedScreenshots": true,
        "reportFilename": "current-report",
        "timestamp": false
      },
      "version": "6.2.0"
    }
  }
}